<?xml version="1.0" encoding="UTF-8"?>
<testng-results skipped="0" failed="2" ignored="0" total="26" passed="24">
  <reporter-output>
  </reporter-output>
  <suite name="Default suite" duration-ms="451619" started-at="2019-06-03T17:58:01Z" finished-at="2019-06-03T18:05:32Z">
    <groups>
    </groups>
    <test name="Default test" duration-ms="451619" started-at="2019-06-03T17:58:01Z" finished-at="2019-06-03T18:05:32Z">
      <class name="smokeTest.ValidateSmokeTest">
        <test-method status="PASS" signature="ValidateLogin()[pri:0, instance:smokeTest.ValidateSmokeTest@4b5a5ed1]" name="ValidateLogin" duration-ms="43854" started-at="2019-06-03T22:58:01Z" finished-at="2019-06-03T22:58:45Z">
          <reporter-output>
          </reporter-output>
        </test-method> <!-- ValidateLogin -->
        <test-method status="PASS" signature="ValidateHomePage()[pri:1, instance:smokeTest.ValidateSmokeTest@4b5a5ed1]" name="ValidateHomePage" duration-ms="9936" started-at="2019-06-03T22:58:45Z" depends-on-methods="smokeTest.ValidateSmokeTest.ValidateLogin" finished-at="2019-06-03T22:58:54Z">
          <reporter-output>
          </reporter-output>
        </test-method> <!-- ValidateHomePage -->
        <test-method status="PASS" signature="ValidateServicesGetBtn()[pri:2, instance:smokeTest.ValidateSmokeTest@4b5a5ed1]" name="ValidateServicesGetBtn" duration-ms="6963" started-at="2019-06-03T22:58:54Z" depends-on-methods="smokeTest.ValidateSmokeTest.ValidateLogin" finished-at="2019-06-03T22:59:01Z">
          <reporter-output>
          </reporter-output>
        </test-method> <!-- ValidateServicesGetBtn -->
        <test-method status="PASS" signature="ValidateProcurementCheckout()[pri:3, instance:smokeTest.ValidateSmokeTest@4b5a5ed1]" name="ValidateProcurementCheckout" duration-ms="9385" started-at="2019-06-03T22:59:01Z" depends-on-methods="smokeTest.ValidateSmokeTest.ValidateLogin" finished-at="2019-06-03T22:59:11Z">
          <reporter-output>
          </reporter-output>
        </test-method> <!-- ValidateProcurementCheckout -->
        <test-method status="PASS" signature="ValidateProcurementOrder()[pri:4, instance:smokeTest.ValidateSmokeTest@4b5a5ed1]" name="ValidateProcurementOrder" duration-ms="18652" started-at="2019-06-03T22:59:11Z" depends-on-methods="smokeTest.ValidateSmokeTest.ValidateLogin" finished-at="2019-06-03T22:59:29Z">
          <reporter-output>
          </reporter-output>
        </test-method> <!-- ValidateProcurementOrder -->
        <test-method status="PASS" signature="ValidateNotificationPage()[pri:5, instance:smokeTest.ValidateSmokeTest@4b5a5ed1]" name="ValidateNotificationPage" duration-ms="12199" started-at="2019-06-03T22:59:29Z" depends-on-methods="smokeTest.ValidateSmokeTest.ValidateLogin" finished-at="2019-06-03T22:59:42Z">
          <reporter-output>
          </reporter-output>
        </test-method> <!-- ValidateNotificationPage -->
        <test-method status="PASS" signature="ValidateInviteEmail()[pri:6, instance:smokeTest.ValidateSmokeTest@4b5a5ed1]" name="ValidateInviteEmail" duration-ms="55398" started-at="2019-06-03T22:59:42Z" depends-on-methods="smokeTest.ValidateSmokeTest.ValidateLogin" finished-at="2019-06-03T23:00:37Z">
          <reporter-output>
          </reporter-output>
        </test-method> <!-- ValidateInviteEmail -->
        <test-method status="PASS" signature="ValidateSearchUser()[pri:7, instance:smokeTest.ValidateSmokeTest@4b5a5ed1]" name="ValidateSearchUser" duration-ms="11038" started-at="2019-06-03T23:00:37Z" depends-on-methods="smokeTest.ValidateSmokeTest.ValidateLogin" finished-at="2019-06-03T23:00:48Z">
          <reporter-output>
          </reporter-output>
        </test-method> <!-- ValidateSearchUser -->
        <test-method status="PASS" signature="ValidateManageDomain()[pri:8, instance:smokeTest.ValidateSmokeTest@4b5a5ed1]" name="ValidateManageDomain" duration-ms="11339" started-at="2019-06-03T23:00:48Z" depends-on-methods="smokeTest.ValidateSmokeTest.ValidateLogin" finished-at="2019-06-03T23:00:59Z">
          <reporter-output>
          </reporter-output>
        </test-method> <!-- ValidateManageDomain -->
        <test-method status="PASS" signature="ValidateEditProfile()[pri:9, instance:smokeTest.ValidateSmokeTest@4b5a5ed1]" name="ValidateEditProfile" duration-ms="24924" started-at="2019-06-03T23:00:59Z" depends-on-methods="smokeTest.ValidateSmokeTest.ValidateLogin" finished-at="2019-06-03T23:01:24Z">
          <reporter-output>
          </reporter-output>
        </test-method> <!-- ValidateEditProfile -->
        <test-method status="PASS" signature="ValidateUpload_Logo()[pri:10, instance:smokeTest.ValidateSmokeTest@4b5a5ed1]" name="ValidateUpload_Logo" duration-ms="34997" started-at="2019-06-03T23:01:24Z" depends-on-methods="smokeTest.ValidateSmokeTest.ValidateLogin" finished-at="2019-06-03T23:01:59Z">
          <reporter-output>
          </reporter-output>
        </test-method> <!-- ValidateUpload_Logo -->
        <test-method status="PASS" signature="ValidateAddressofUse()[pri:11, instance:smokeTest.ValidateSmokeTest@4b5a5ed1]" name="ValidateAddressofUse" duration-ms="17482" started-at="2019-06-03T23:01:59Z" depends-on-methods="smokeTest.ValidateSmokeTest.ValidateLogin" finished-at="2019-06-03T23:02:17Z">
          <reporter-output>
          </reporter-output>
        </test-method> <!-- ValidateAddressofUse -->
        <test-method status="PASS" signature="ValidateCatalogRestrictions()[pri:12, instance:smokeTest.ValidateSmokeTest@4b5a5ed1]" name="ValidateCatalogRestrictions" duration-ms="37321" started-at="2019-06-03T23:02:17Z" depends-on-methods="smokeTest.ValidateSmokeTest.ValidateLogin" finished-at="2019-06-03T23:02:54Z">
          <reporter-output>
          </reporter-output>
        </test-method> <!-- ValidateCatalogRestrictions -->
        <test-method status="PASS" signature="ValidateChangePassword()[pri:13, instance:smokeTest.ValidateSmokeTest@4b5a5ed1]" name="ValidateChangePassword" duration-ms="30544" started-at="2019-06-03T23:02:54Z" depends-on-methods="smokeTest.ValidateSmokeTest.ValidateLogin" finished-at="2019-06-03T23:03:25Z">
          <reporter-output>
          </reporter-output>
        </test-method> <!-- ValidateChangePassword -->
        <test-method status="PASS" signature="ValidatePaymentMethod()[pri:14, instance:smokeTest.ValidateSmokeTest@4b5a5ed1]" name="ValidatePaymentMethod" duration-ms="10551" started-at="2019-06-03T23:03:25Z" depends-on-methods="smokeTest.ValidateSmokeTest.ValidateLogin" finished-at="2019-06-03T23:03:35Z">
          <reporter-output>
          </reporter-output>
        </test-method> <!-- ValidatePaymentMethod -->
        <test-method status="PASS" signature="ValidateDiscover()[pri:15, instance:smokeTest.ValidateSmokeTest@4b5a5ed1]" name="ValidateDiscover" duration-ms="9614" started-at="2019-06-03T23:03:35Z" depends-on-methods="smokeTest.ValidateSmokeTest.ValidateLogin" finished-at="2019-06-03T23:03:45Z">
          <reporter-output>
          </reporter-output>
        </test-method> <!-- ValidateDiscover -->
        <test-method status="PASS" signature="ValidateApplicationsLink()[pri:16, instance:smokeTest.ValidateSmokeTest@4b5a5ed1]" name="ValidateApplicationsLink" duration-ms="11861" started-at="2019-06-03T23:03:45Z" depends-on-methods="smokeTest.ValidateSmokeTest.ValidateLogin" finished-at="2019-06-03T23:03:57Z">
          <reporter-output>
          </reporter-output>
        </test-method> <!-- ValidateApplicationsLink -->
        <test-method status="PASS" signature="ValidateInfrastructureLink()[pri:17, instance:smokeTest.ValidateSmokeTest@4b5a5ed1]" name="ValidateInfrastructureLink" duration-ms="9187" started-at="2019-06-03T23:03:57Z" depends-on-methods="smokeTest.ValidateSmokeTest.ValidateLogin" finished-at="2019-06-03T23:04:06Z">
          <reporter-output>
          </reporter-output>
        </test-method> <!-- ValidateInfrastructureLink -->
        <test-method status="PASS" signature="ValidatePlatformLink()[pri:18, instance:smokeTest.ValidateSmokeTest@4b5a5ed1]" name="ValidatePlatformLink" duration-ms="7122" started-at="2019-06-03T23:04:06Z" depends-on-methods="smokeTest.ValidateSmokeTest.ValidateLogin" finished-at="2019-06-03T23:04:13Z">
          <reporter-output>
          </reporter-output>
        </test-method> <!-- ValidatePlatformLink -->
        <test-method status="PASS" signature="ValidateConsultingLink()[pri:19, instance:smokeTest.ValidateSmokeTest@4b5a5ed1]" name="ValidateConsultingLink" duration-ms="9381" started-at="2019-06-03T23:04:13Z" depends-on-methods="smokeTest.ValidateSmokeTest.ValidateLogin" finished-at="2019-06-03T23:04:22Z">
          <reporter-output>
          </reporter-output>
        </test-method> <!-- ValidateConsultingLink -->
        <test-method status="PASS" signature="ValidateSearching()[pri:20, instance:smokeTest.ValidateSmokeTest@4b5a5ed1]" name="ValidateSearching" duration-ms="7792" started-at="2019-06-03T23:04:23Z" depends-on-methods="smokeTest.ValidateSmokeTest.ValidateLogin" finished-at="2019-06-03T23:04:30Z">
          <reporter-output>
          </reporter-output>
        </test-method> <!-- ValidateSearching -->
        <test-method status="PASS" signature="ValidateLogOut()[pri:21, instance:smokeTest.ValidateSmokeTest@4b5a5ed1]" name="ValidateLogOut" duration-ms="1733" started-at="2019-06-03T23:04:30Z" depends-on-methods="smokeTest.ValidateSmokeTest.ValidateLogin" finished-at="2019-06-03T23:04:32Z">
          <reporter-output>
          </reporter-output>
        </test-method> <!-- ValidateLogOut -->
        <test-method status="PASS" signature="ValidateInvalidPassword()[pri:22, instance:smokeTest.ValidateSmokeTest@4b5a5ed1]" name="ValidateInvalidPassword" duration-ms="6256" started-at="2019-06-03T23:04:32Z" depends-on-methods="smokeTest.ValidateSmokeTest.ValidateLogin" finished-at="2019-06-03T23:04:38Z">
          <reporter-output>
          </reporter-output>
        </test-method> <!-- ValidateInvalidPassword -->
        <test-method status="FAIL" signature="ValidateInvaliduser3Times()[pri:23, instance:smokeTest.ValidateSmokeTest@4b5a5ed1]" name="ValidateInvaliduser3Times" duration-ms="5001" started-at="2019-06-03T23:04:38Z" depends-on-methods="smokeTest.ValidateSmokeTest.ValidateLogin" finished-at="2019-06-03T23:04:43Z">
          <exception class="java.lang.AssertionError">
            <message>
              <![CDATA[Username field is not appearing on the Login Page expected [true] but found [false]]]>
            </message>
            <full-stacktrace>
              <![CDATA[java.lang.AssertionError: Username field is not appearing on the Login Page expected [true] but found [false]at org.testng.Assert.fail(Assert.java:96)at org.testng.Assert.failNotEquals(Assert.java:776)at org.testng.Assert.assertEqualsImpl(Assert.java:137)at org.testng.Assert.assertEquals(Assert.java:118)at org.testng.Assert.assertEquals(Assert.java:568)at smokeTest.ValidateSmokeTest.ValidateInvaliduser3Times(ValidateSmokeTest.java:1539)at sun.reflect.NativeMethodAccessorImpl.invoke0(Native Method)at sun.reflect.NativeMethodAccessorImpl.invoke(Unknown Source)at sun.reflect.DelegatingMethodAccessorImpl.invoke(Unknown Source)at java.lang.reflect.Method.invoke(Unknown Source)at org.testng.internal.MethodInvocationHelper.invokeMethod(MethodInvocationHelper.java:124)at org.testng.internal.Invoker.invokeMethod(Invoker.java:571)at org.testng.internal.Invoker.invokeTestMethod(Invoker.java:707)at org.testng.internal.Invoker.invokeTestMethods(Invoker.java:979)at org.testng.internal.TestMethodWorker.invokeTestMethods(TestMethodWorker.java:125)at org.testng.internal.TestMethodWorker.run(TestMethodWorker.java:109)at org.testng.TestRunner.privateRun(TestRunner.java:648)at org.testng.TestRunner.run(TestRunner.java:505)at org.testng.SuiteRunner.runTest(SuiteRunner.java:455)at org.testng.SuiteRunner.runSequentially(SuiteRunner.java:450)at org.testng.SuiteRunner.privateRun(SuiteRunner.java:415)at org.testng.SuiteRunner.run(SuiteRunner.java:364)at org.testng.SuiteRunnerWorker.runSuite(SuiteRunnerWorker.java:52)at org.testng.SuiteRunnerWorker.run(SuiteRunnerWorker.java:84)at org.testng.TestNG.runSuitesSequentially(TestNG.java:1187)at org.testng.TestNG.runSuitesLocally(TestNG.java:1116)at org.testng.TestNG.runSuites(TestNG.java:1028)at org.testng.TestNG.run(TestNG.java:996)at org.testng.remote.AbstractRemoteTestNG.run(AbstractRemoteTestNG.java:114)at org.testng.remote.RemoteTestNG.initAndRun(RemoteTestNG.java:251)at org.testng.remote.RemoteTestNG.main(RemoteTestNG.java:77)]]>
            </full-stacktrace>
          </exception> <!-- java.lang.AssertionError -->
          <reporter-output>
          </reporter-output>
        </test-method> <!-- ValidateInvaliduser3Times -->
        <test-method status="FAIL" signature="ValidateLockedUser()[pri:24, instance:smokeTest.ValidateSmokeTest@4b5a5ed1]" name="ValidateLockedUser" duration-ms="27589" started-at="2019-06-03T23:04:43Z" depends-on-methods="smokeTest.ValidateSmokeTest.ValidateLogin" finished-at="2019-06-03T23:05:11Z">
          <exception class="org.openqa.selenium.NoSuchElementException">
            <message>
              <![CDATA[no such element: Unable to locate element: {"method":"xpath","selector":"//div[@class='alert alert-danger ccp-alert-danger']"}  (Session info: chrome=74.0.3729.169)  (Driver info: chromedriver=2.36.540470 (e522d04694c7ebea4ba8821272dbef4f9b818c91),platform=Windows NT 10.0.17134 x86_64) (WARNING: The server did not provide any stacktrace information)Command duration or timeout: 0 millisecondsFor documentation on this error, please visit: http://seleniumhq.org/exceptions/no_such_element.htmlBuild info: version: '3.8.1', revision: '6e95a6684b', time: '2017-12-01T18:33:54.468Z'System info: host: 'DESKTOP-B75F35K', ip: '192.168.14.216', os.name: 'Windows 10', os.arch: 'amd64', os.version: '10.0', java.version: '1.8.0_171'Driver info: org.openqa.selenium.chrome.ChromeDriverCapabilities {acceptInsecureCerts: false, acceptSslCerts: false, applicationCacheEnabled: false, browserConnectionEnabled: false, browserName: chrome, chrome: {chromedriverVersion: 2.36.540470 (e522d04694c7eb..., userDataDir: C:\Users\bilaw\AppData\Loca...}, cssSelectorsEnabled: true, databaseEnabled: false, handlesAlerts: true, hasTouchScreen: false, javascriptEnabled: true, locationContextEnabled: true, mobileEmulationEnabled: false, nativeEvents: true, networkConnectionEnabled: false, pageLoadStrategy: normal, platform: XP, platformName: XP, rotatable: false, setWindowRect: true, takesHeapSnapshot: true, takesScreenshot: true, unexpectedAlertBehaviour: , unhandledPromptBehavior: , version: 74.0.3729.169, webStorageEnabled: true}Session ID: 0c935a0c8224e2675f425525fd8d9a2a*** Element info: {Using=xpath, value=//div[@class='alert alert-danger ccp-alert-danger']}]]>
            </message>
            <full-stacktrace>
              <![CDATA[org.openqa.selenium.NoSuchElementException: no such element: Unable to locate element: {"method":"xpath","selector":"//div[@class='alert alert-danger ccp-alert-danger']"}  (Session info: chrome=74.0.3729.169)  (Driver info: chromedriver=2.36.540470 (e522d04694c7ebea4ba8821272dbef4f9b818c91),platform=Windows NT 10.0.17134 x86_64) (WARNING: The server did not provide any stacktrace information)Command duration or timeout: 0 millisecondsFor documentation on this error, please visit: http://seleniumhq.org/exceptions/no_such_element.htmlBuild info: version: '3.8.1', revision: '6e95a6684b', time: '2017-12-01T18:33:54.468Z'System info: host: 'DESKTOP-B75F35K', ip: '192.168.14.216', os.name: 'Windows 10', os.arch: 'amd64', os.version: '10.0', java.version: '1.8.0_171'Driver info: org.openqa.selenium.chrome.ChromeDriverCapabilities {acceptInsecureCerts: false, acceptSslCerts: false, applicationCacheEnabled: false, browserConnectionEnabled: false, browserName: chrome, chrome: {chromedriverVersion: 2.36.540470 (e522d04694c7eb..., userDataDir: C:\Users\bilaw\AppData\Loca...}, cssSelectorsEnabled: true, databaseEnabled: false, handlesAlerts: true, hasTouchScreen: false, javascriptEnabled: true, locationContextEnabled: true, mobileEmulationEnabled: false, nativeEvents: true, networkConnectionEnabled: false, pageLoadStrategy: normal, platform: XP, platformName: XP, rotatable: false, setWindowRect: true, takesHeapSnapshot: true, takesScreenshot: true, unexpectedAlertBehaviour: , unhandledPromptBehavior: , version: 74.0.3729.169, webStorageEnabled: true}Session ID: 0c935a0c8224e2675f425525fd8d9a2a*** Element info: {Using=xpath, value=//div[@class='alert alert-danger ccp-alert-danger']}at sun.reflect.NativeConstructorAccessorImpl.newInstance0(Native Method)at sun.reflect.NativeConstructorAccessorImpl.newInstance(Unknown Source)at sun.reflect.DelegatingConstructorAccessorImpl.newInstance(Unknown Source)at java.lang.reflect.Constructor.newInstance(Unknown Source)at org.openqa.selenium.remote.ErrorHandler.createThrowable(ErrorHandler.java:214)at org.openqa.selenium.remote.ErrorHandler.throwIfResponseFailed(ErrorHandler.java:166)at org.openqa.selenium.remote.http.JsonHttpResponseCodec.reconstructValue(JsonHttpResponseCodec.java:40)at org.openqa.selenium.remote.http.AbstractHttpResponseCodec.decode(AbstractHttpResponseCodec.java:80)at org.openqa.selenium.remote.http.AbstractHttpResponseCodec.decode(AbstractHttpResponseCodec.java:44)at org.openqa.selenium.remote.HttpCommandExecutor.execute(HttpCommandExecutor.java:164)at org.openqa.selenium.remote.service.DriverCommandExecutor.execute(DriverCommandExecutor.java:83)at org.openqa.selenium.remote.RemoteWebDriver.execute(RemoteWebDriver.java:601)at org.openqa.selenium.remote.RemoteWebDriver.findElement(RemoteWebDriver.java:371)at org.openqa.selenium.remote.RemoteWebDriver.findElementByXPath(RemoteWebDriver.java:473)at org.openqa.selenium.By$ByXPath.findElement(By.java:361)at org.openqa.selenium.remote.RemoteWebDriver.findElement(RemoteWebDriver.java:363)at pageObjects.LoginPage.getIncorrect_Credentials(LoginPage.java:57)at smokeTest.ValidateSmokeTest.ValidateLockedUser(ValidateSmokeTest.java:1578)at sun.reflect.NativeMethodAccessorImpl.invoke0(Native Method)at sun.reflect.NativeMethodAccessorImpl.invoke(Unknown Source)at sun.reflect.DelegatingMethodAccessorImpl.invoke(Unknown Source)at java.lang.reflect.Method.invoke(Unknown Source)at org.testng.internal.MethodInvocationHelper.invokeMethod(MethodInvocationHelper.java:124)at org.testng.internal.Invoker.invokeMethod(Invoker.java:571)at org.testng.internal.Invoker.invokeTestMethod(Invoker.java:707)at org.testng.internal.Invoker.invokeTestMethods(Invoker.java:979)at org.testng.internal.TestMethodWorker.invokeTestMethods(TestMethodWorker.java:125)at org.testng.internal.TestMethodWorker.run(TestMethodWorker.java:109)at org.testng.TestRunner.privateRun(TestRunner.java:648)at org.testng.TestRunner.run(TestRunner.java:505)at org.testng.SuiteRunner.runTest(SuiteRunner.java:455)at org.testng.SuiteRunner.runSequentially(SuiteRunner.java:450)at org.testng.SuiteRunner.privateRun(SuiteRunner.java:415)at org.testng.SuiteRunner.run(SuiteRunner.java:364)at org.testng.SuiteRunnerWorker.runSuite(SuiteRunnerWorker.java:52)at org.testng.SuiteRunnerWorker.run(SuiteRunnerWorker.java:84)at org.testng.TestNG.runSuitesSequentially(TestNG.java:1187)at org.testng.TestNG.runSuitesLocally(TestNG.java:1116)at org.testng.TestNG.runSuites(TestNG.java:1028)at org.testng.TestNG.run(TestNG.java:996)at org.testng.remote.AbstractRemoteTestNG.run(AbstractRemoteTestNG.java:114)at org.testng.remote.RemoteTestNG.initAndRun(RemoteTestNG.java:251)at org.testng.remote.RemoteTestNG.main(RemoteTestNG.java:77)]]>
            </full-stacktrace>
          </exception> <!-- org.openqa.selenium.NoSuchElementException -->
          <reporter-output>
          </reporter-output>
        </test-method> <!-- ValidateLockedUser -->
        <test-method status="PASS" signature="ValidateForgetPassword()[pri:25, instance:smokeTest.ValidateSmokeTest@4b5a5ed1]" name="ValidateForgetPassword" duration-ms="21334" started-at="2019-06-03T23:05:11Z" depends-on-methods="smokeTest.ValidateSmokeTest.ValidateLogin" finished-at="2019-06-03T23:05:32Z">
          <reporter-output>
          </reporter-output>
        </test-method> <!-- ValidateForgetPassword -->
      </class> <!-- smokeTest.ValidateSmokeTest -->
    </test> <!-- Default test -->
  </suite> <!-- Default suite -->
</testng-results>
